2020-07-30 15:11:50 [INFO ] Start:35 - Début d'une nouvelle session.
2020-07-30 15:12:14 [INFO ] GameOfLifeController:95 - Initialisation d'une nouvelle partie...
2020-07-30 15:12:15 [INFO ] GameOfLifeController:114 - Partie initialisé (1267.0ms).
2020-07-30 15:14:04 [INFO ] Start:35 - Début d'une nouvelle session.
2020-07-30 15:14:06 [INFO ] GameOfLifeController:95 - Initialisation d'une nouvelle partie(200 colonnes/200 lignes)...
2020-07-30 15:14:07 [INFO ] GameOfLifeController:116 - Partie initialisé (925.0ms).
2020-07-30 15:14:33 [INFO ] Start:35 - Début d'une nouvelle session.
2020-07-30 15:14:39 [INFO ] GameOfLifeController:95 - Initialisation d'une nouvelle partie (200 colonnes/200 lignes)...
2020-07-30 15:14:40 [INFO ] GameOfLifeController:116 - Partie initialisé (1012.0ms).
2020-07-30 15:14:54 [INFO ] InitController:144 - Règles mises à jour : prend vie [2, 3], reste en vie [3, 4]
2020-07-30 15:15:06 [INFO ] InitController:144 - Règles mises à jour : prend vie [2, 3], reste en vie [3, 4]
2020-07-30 15:15:12 [INFO ] GameOfLifeController:218 - Propagation ON.
2020-07-30 15:15:12 [INFO ] GameOfLifeController:226 - Propagation OFF.
2020-07-30 15:15:13 [INFO ] GameOfLifeController:218 - Propagation ON.
2020-07-30 15:15:32 [INFO ] GameOfLifeController:226 - Propagation OFF.
2020-07-30 15:15:55 [INFO ] GameOfLifeController:218 - Propagation ON.
2020-07-30 15:15:58 [INFO ] GameOfLifeController:226 - Propagation OFF.
2020-07-30 15:17:05 [INFO ] Start:35 - Début d'une nouvelle session.
2020-07-30 15:17:19 [INFO ] GameOfLifeController:95 - Initialisation d'une nouvelle partie (200 colonnes/200 lignes)...
2020-07-30 15:17:20 [INFO ] GameOfLifeController:116 - Partie initialisé (956.0ms).
2020-07-30 15:17:25 [INFO ] GameOfLifeController:218 - Propagation ON.
2020-07-30 15:17:27 [INFO ] GameOfLifeController:226 - Propagation OFF.
2020-07-30 15:17:35 [INFO ] InitController:55 - Statistiques sauvegardé dans le fichier /Users/romaincolonnadistria/Desktop/Untitled.csv
2020-07-30 15:20:20 [INFO ] Start:35 - Début d'une nouvelle session
2020-07-30 15:20:22 [INFO ] GameOfLifeController:95 - Initialisation d'une nouvelle partie (200 colonnes/200 lignes)...
2020-07-30 15:20:23 [INFO ] GameOfLifeController:116 - Partie initialisé (1050.0ms)
2020-07-30 15:20:28 [INFO ] GameOfLifeController:218 - Propagation ON
2020-07-30 15:20:33 [INFO ] InitController:142 - Règles mises à jour : prend vie [2, 3], reste en vie [3, 4]
2020-07-30 15:20:38 [INFO ] GameOfLifeController:226 - Propagation OFF
2020-07-30 15:20:46 [INFO ] InitController:55 - Statistiques sauvegardé dans le fichier /Users/romaincolonnadistria/Desktop/Untitled.csv
2020-07-30 15:20:53 [INFO ] GameOfLifeController:201 - Fin de la partie
2020-07-30 15:21:04 [INFO ] GameOfLifeController:95 - Initialisation d'une nouvelle partie (300 colonnes/300 lignes)...
2020-07-30 15:21:06 [INFO ] GameOfLifeController:116 - Partie initialisé (1672.0ms)
2020-07-30 15:21:14 [INFO ] GameOfLifeController:218 - Propagation ON
2020-07-30 15:21:35 [INFO ] InitController:142 - Règles mises à jour : prend vie [2, 3], reste en vie [2, 3]
2020-07-30 15:21:37 [INFO ] InitController:142 - Règles mises à jour : prend vie [2, 3], reste en vie [3]
2020-07-30 15:24:27 [INFO ] Start:35 - Début d'une nouvelle session
2020-07-30 15:24:30 [INFO ] GameOfLifeController:95 - Initialisation d'une nouvelle partie (200 colonnes/200 lignes)...
2020-07-30 15:24:31 [INFO ] GameOfLifeController:116 - Partie initialisé (1263.0ms)
2020-07-30 15:24:37 [INFO ] GameOfLifeController:218 - Propagation ON
2020-07-30 15:24:39 [INFO ] GameOfLifeController:549 - Application du zoom...
2020-07-30 15:24:39 [INFO ] GameOfLifeController:604 - Zoom appliqué par JavaFX Application Thread en 45.0ms
2020-07-30 22:08:15 [INFO ] Start:35 - Début d'une nouvelle session
2020-07-30 22:08:24 [INFO ] GameOfLifeController:95 - Initialisation d'une nouvelle partie (300 colonnes/300 lignes)...
2020-07-30 22:08:26 [INFO ] GameOfLifeController:116 - Partie initialisé (2139.0ms)
2020-07-30 22:08:38 [INFO ] GameOfLifeController:549 - Application du zoom...
2020-07-30 22:08:38 [INFO ] GameOfLifeController:604 - Zoom appliqué par JavaFX Application Thread en 82.0ms
amélioration de2020-07-30 22:14:35 [INFO ] Start:35 - Début d'une nouvelle session
2020-07-30 22:15:13 [INFO ] GameOfLifeController:95 - Initialisation d'une nouvelle partie (200 colonnes/200 lignes)...
2020-07-30 22:15:14 [INFO ] GameOfLifeController:116 - Partie initialisé (1476.0ms)
2020-07-30 22:15:19 [INFO ] GameOfLifeController:216 - Propagation ON
2020-07-30 22:15:58 [INFO ] GameOfLifeController:224 - Propagation OFF
2020-07-30 22:16:37 [INFO ] GameOfLifeController:216 - Propagation ON
2020-07-30 22:16:47 [INFO ] InitController:142 - Règles mises à jour : prend vie [2, 3], reste en vie [3, 4]
2020-07-30 22:16:52 [INFO ] InitController:142 - Règles mises à jour : prend vie [2, 3], reste en vie [3]
2020-07-30 22:17:11 [INFO ] GameOfLifeController:224 - Propagation OFF
2020-07-30 22:17:20 [INFO ] GameOfLifeController:216 - Propagation ON
2020-07-30 22:17:22 [INFO ] GameOfLifeController:224 - Propagation OFF
2020-07-30 22:17:25 [INFO ] GameOfLifeController:216 - Propagation ON
2020-07-30 22:17:36 [INFO ] GameOfLifeController:547 - Application du zoom...
2020-07-30 22:17:36 [INFO ] GameOfLifeController:602 - Zoom appliqué par JavaFX Application Thread en 40.0ms
2020-07-30 22:17:41 [INFO ] GameOfLifeController:547 - Application du zoom...
2020-07-30 22:17:41 [INFO ] GameOfLifeController:602 - Zoom appliqué par JavaFX Application Thread en 26.0ms
2020-07-30 22:18:04 [INFO ] GameOfLifeController:224 - Propagation OFF
2020-07-30 22:18:07 [INFO ] GameOfLifeController:216 - Propagation ON
2020-07-30 22:18:25 [INFO ] GameOfLifeController:224 - Propagation OFF
2020-07-30 22:19:43 [INFO ] GameOfLifeController:216 - Propagation ON
2020-07-30 22:23:48 [INFO ] Start:35 - Début d'une nouvelle session
2020-07-30 22:23:50 [INFO ] GameOfLifeController:96 - Initialisation d'une nouvelle partie (200 colonnes/200 lignes)...
2020-07-30 22:23:51 [INFO ] GameOfLifeController:117 - Partie initialisé (1048.0ms)
2020-07-30 22:24:14 [INFO ] GameOfLifeController:548 - Application du zoom...
2020-07-30 22:24:14 [INFO ] GameOfLifeController:604 - Zoom appliqué par pool-2-thread-1 en 103.0ms
2020-07-30 22:24:41 [INFO ] GameOfLifeController:217 - Propagation ON
2020-07-30 22:24:42 [INFO ] GameOfLifeController:225 - Propagation OFF
2020-07-30 22:24:45 [INFO ] GameOfLifeController:200 - Fin de la partie
2020-07-30 22:24:48 [INFO ] GameOfLifeController:96 - Initialisation d'une nouvelle partie (200 colonnes/200 lignes)...
2020-07-30 22:24:49 [INFO ] GameOfLifeController:117 - Partie initialisé (602.0ms)
2020-07-30 22:24:53 [INFO ] GameOfLifeController:217 - Propagation ON
2020-07-30 22:24:55 [INFO ] GameOfLifeController:548 - Application du zoom...
2020-07-30 22:24:55 [INFO ] GameOfLifeController:604 - Zoom appliqué par pool-3-thread-1 en 28.0ms
2020-07-30 22:24:55 [INFO ] GameOfLifeController:604 - Zoom appliqué par pool-3-thread-2 en 32.0ms
2020-07-30 22:26:37 [INFO ] GameOfLifeController:225 - Propagation OFF
2020-07-30 22:26:38 [INFO ] GameOfLifeController:217 - Propagation ON
2020-07-30 22:26:42 [INFO ] GameOfLifeController:225 - Propagation OFF
2020-07-30 22:26:42 [INFO ] GameOfLifeController:200 - Fin de la partie
2020-07-30 22:26:44 [INFO ] InitController:40 - Fin de la session
2020-07-30 22:28:45 [INFO ] Start:35 - Début d'une nouvelle session
2020-07-30 22:28:52 [INFO ] GameOfLifeController:96 - Initialisation d'une nouvelle partie (200 colonnes/200 lignes)...
2020-07-30 22:28:53 [INFO ] GameOfLifeController:117 - Partie initialisé (1156.0ms)
2020-07-30 22:28:57 [INFO ] GameOfLifeController:217 - Propagation ON
2020-07-30 22:29:00 [INFO ] GameOfLifeController:548 - Application du zoom...
2020-07-30 22:29:00 [INFO ] GameOfLifeController:605 - Zoom appliqué par Thread-6 en 67.0ms
2020-07-30 22:29:08 [INFO ] GameOfLifeController:548 - Application du zoom...
2020-07-30 22:29:08 [INFO ] GameOfLifeController:605 - Zoom appliqué par Thread-7 en 41.0ms
2020-07-30 22:29:15 [INFO ] GameOfLifeController:548 - Application du zoom...
2020-07-30 22:29:15 [INFO ] GameOfLifeController:605 - Zoom appliqué par Thread-8 en 28.0ms
2020-07-30 22:29:26 [INFO ] GameOfLifeController:225 - Propagation OFF
2020-07-30 22:29:26 [INFO ] GameOfLifeController:200 - Fin de la partie
2020-07-30 22:29:33 [INFO ] GameOfLifeController:96 - Initialisation d'une nouvelle partie (200 colonnes/200 lignes)...
2020-07-30 22:29:34 [INFO ] GameOfLifeController:117 - Partie initialisé (514.0ms)
2020-07-30 22:29:37 [INFO ] GameOfLifeController:217 - Propagation ON
2020-07-30 22:29:39 [INFO ] GameOfLifeController:548 - Application du zoom...
2020-07-30 22:29:40 [INFO ] GameOfLifeController:605 - Zoom appliqué par Thread-10 en 32.0ms
2020-07-30 22:29:40 [INFO ] GameOfLifeController:605 - Zoom appliqué par Thread-11 en 48.0ms
2020-07-30 22:32:34 [INFO ] Start:35 - Début d'une nouvelle session
2020-07-30 22:32:40 [INFO ] GameOfLifeController:96 - Initialisation d'une nouvelle partie (200 colonnes/200 lignes)...
2020-07-30 22:32:41 [INFO ] GameOfLifeController:117 - Partie initialisé (1105.0ms)
2020-07-30 22:32:46 [INFO ] GameOfLifeController:548 - Application du zoom...
2020-07-30 22:32:46 [INFO ] GameOfLifeController:608 - Zoom appliqué par Thread-5 en 47.0ms
2020-07-30 22:32:49 [INFO ] GameOfLifeController:548 - Application du zoom...
2020-07-30 22:32:49 [INFO ] GameOfLifeController:608 - Zoom appliqué par Thread-6 en 42.0ms
2020-07-30 22:32:52 [INFO ] GameOfLifeController:548 - Application du zoom...
2020-07-30 22:32:52 [INFO ] GameOfLifeController:608 - Zoom appliqué par Thread-7 en 69.0ms
2020-07-30 22:34:00 [INFO ] Start:35 - Début d'une nouvelle session
2020-07-30 22:34:02 [INFO ] GameOfLifeController:96 - Initialisation d'une nouvelle partie (200 colonnes/200 lignes)...
2020-07-30 22:34:03 [INFO ] GameOfLifeController:117 - Partie initialisé (1197.0ms)
2020-07-30 22:34:08 [INFO ] GameOfLifeController:548 - Application du zoom...
2020-07-30 22:34:08 [INFO ] GameOfLifeController:608 - Zoom appliqué par Thread-5 en 71.0ms
2020-07-30 22:34:11 [INFO ] GameOfLifeController:548 - Application du zoom...
2020-07-30 22:34:11 [INFO ] GameOfLifeController:608 - Zoom appliqué par Thread-6 en 43.0ms
2020-07-30 22:34:13 [INFO ] GameOfLifeController:548 - Application du zoom...
2020-07-30 22:34:13 [INFO ] GameOfLifeController:608 - Zoom appliqué par Thread-7 en 28.0ms
2020-07-30 22:34:15 [INFO ] GameOfLifeController:200 - Fin de la partie
2020-07-30 22:35:39 [INFO ] InitController:40 - Fin de la session
2020-07-30 22:36:20 [INFO ] Start:35 - Début d'une nouvelle session
2020-07-30 22:36:22 [INFO ] GameOfLifeController:96 - Initialisation d'une nouvelle partie (200 colonnes/200 lignes)...
2020-07-30 22:36:23 [INFO ] GameOfLifeController:117 - Partie initialisé (1169.0ms)
2020-07-30 22:36:32 [INFO ] GameOfLifeController:217 - Propagation ON
2020-07-30 22:36:33 [INFO ] GameOfLifeController:225 - Propagation OFF
2020-07-30 22:36:34 [INFO ] GameOfLifeController:548 - Application du zoom...
2020-07-30 22:36:34 [INFO ] GameOfLifeController:608 - Zoom appliqué par Thread-6 en 100.0ms
2020-07-30 22:36:44 [INFO ] GameOfLifeController:548 - Application du zoom...
2020-07-30 22:36:44 [INFO ] GameOfLifeController:608 - Zoom appliqué par Thread-7 en 38.0ms
2020-07-30 22:36:48 [INFO ] GameOfLifeController:548 - Application du zoom...
2020-07-30 22:36:48 [INFO ] GameOfLifeController:608 - Zoom appliqué par Thread-8 en 35.0ms
2020-07-30 22:37:59 [INFO ] Start:35 - Début d'une nouvelle session
2020-07-30 22:38:03 [INFO ] GameOfLifeController:96 - Initialisation d'une nouvelle partie (200 colonnes/200 lignes)...
2020-07-30 22:38:04 [INFO ] GameOfLifeController:117 - Partie initialisé (1277.0ms)
2020-07-30 22:38:10 [INFO ] GameOfLifeController:548 - Application du zoom...
2020-07-30 22:38:10 [INFO ] GameOfLifeController:608 - Zoom appliqué par Thread-5 en 130.0ms
2020-07-30 22:38:56 [INFO ] Start:35 - Début d'une nouvelle session
2020-07-30 22:38:58 [INFO ] GameOfLifeController:96 - Initialisation d'une nouvelle partie (200 colonnes/200 lignes)...
2020-07-30 22:39:00 [INFO ] GameOfLifeController:117 - Partie initialisé (1129.0ms)
2020-07-30 22:39:29 [INFO ] GameOfLifeController:548 - Application du zoom...
2020-07-30 22:39:29 [INFO ] GameOfLifeController:609 - Zoom appliqué par Thread-5 en 92.0ms
2020-07-30 22:39:33 [INFO ] GameOfLifeController:548 - Application du zoom...
2020-07-30 22:39:33 [INFO ] GameOfLifeController:609 - Zoom appliqué par Thread-6 en 63.0ms
2020-07-30 22:40:15 [INFO ] Start:35 - Début d'une nouvelle session
2020-07-30 22:40:19 [INFO ] GameOfLifeController:96 - Initialisation d'une nouvelle partie (200 colonnes/200 lignes)...
2020-07-30 22:40:21 [INFO ] GameOfLifeController:117 - Partie initialisé (1127.0ms)
2020-07-30 22:40:31 [INFO ] GameOfLifeController:548 - Application du zoom...
2020-07-30 22:40:31 [INFO ] GameOfLifeController:609 - Zoom appliqué par Thread-5 en 64.0ms
2020-07-30 22:41:27 [INFO ] Start:35 - Début d'une nouvelle session
2020-07-30 22:41:30 [INFO ] GameOfLifeController:96 - Initialisation d'une nouvelle partie (200 colonnes/200 lignes)...
2020-07-30 22:41:31 [INFO ] GameOfLifeController:117 - Partie initialisé (1307.0ms)
2020-07-30 22:41:35 [INFO ] GameOfLifeController:548 - Application du zoom...
2020-07-30 22:41:35 [INFO ] GameOfLifeController:608 - Zoom appliqué par Thread-5 en 55.0ms
2020-07-30 22:41:38 [INFO ] GameOfLifeController:548 - Application du zoom...
2020-07-30 22:41:39 [INFO ] GameOfLifeController:608 - Zoom appliqué par Thread-6 en 46.0ms
2020-07-30 22:42:15 [INFO ] Start:35 - Début d'une nouvelle session
2020-07-30 22:42:19 [INFO ] GameOfLifeController:96 - Initialisation d'une nouvelle partie (200 colonnes/200 lignes)...
2020-07-30 22:42:20 [INFO ] GameOfLifeController:117 - Partie initialisé (1168.0ms)
2020-07-30 22:42:25 [INFO ] GameOfLifeController:548 - Application du zoom...
2020-07-30 22:42:25 [INFO ] GameOfLifeController:608 - Zoom appliqué par Thread-5 en 52.0ms
2020-07-30 22:42:25 [INFO ] GameOfLifeController:608 - Zoom appliqué par Thread-6 en 54.0ms
2020-07-30 22:57:23 [INFO ] Start:35 - Début d'une nouvelle session
2020-07-30 22:57:27 [INFO ] GameOfLifeController:96 - Initialisation d'une nouvelle partie (200 colonnes/200 lignes)...
2020-07-30 22:57:28 [INFO ] GameOfLifeController:117 - Partie initialisé (1140.0ms)
2020-07-30 22:57:34 [INFO ] GameOfLifeController:548 - Application du zoom...
2020-07-30 22:57:34 [INFO ] GameOfLifeController:612 - Zoom appliqué par Thread-6 en 1.0ms
2020-07-30 22:57:34 [INFO ] GameOfLifeController:612 - Zoom appliqué par Thread-5 en 1.0ms
2020-07-30 22:57:53 [INFO ] GameOfLifeController:548 - Application du zoom...
2020-07-30 22:57:53 [INFO ] GameOfLifeController:612 - Zoom appliqué par Thread-7 en 0.0ms
2020-07-30 22:57:53 [INFO ] GameOfLifeController:612 - Zoom appliqué par Thread-8 en 0.0ms
2020-07-30 22:57:57 [INFO ] GameOfLifeController:548 - Application du zoom...
2020-07-30 22:57:57 [INFO ] GameOfLifeController:612 - Zoom appliqué par Thread-9 en 0.0ms
2020-07-30 22:57:57 [INFO ] GameOfLifeController:612 - Zoom appliqué par Thread-10 en 0.0ms
2020-07-30 22:59:32 [INFO ] GameOfLifeController:548 - Application du zoom...
2020-07-30 22:59:32 [INFO ] GameOfLifeController:612 - Zoom appliqué par Thread-11 en 0.0ms
2020-07-30 22:59:32 [INFO ] GameOfLifeController:612 - Zoom appliqué par Thread-12 en 0.0ms
2020-07-30 23:09:46 [INFO ] Start:35 - Début d'une nouvelle session
2020-07-30 23:09:49 [INFO ] GameOfLifeController:97 - Initialisation d'une nouvelle partie (200 colonnes/200 lignes)...
2020-07-30 23:09:49 [INFO ] GameOfLifeController:118 - Partie initialisé (896.0ms)
2020-07-30 23:09:54 [INFO ] GameOfLifeController:549 - Application du zoom...
2020-07-30 23:09:58 [INFO ] GameOfLifeController:549 - Application du zoom...
2020-07-30 23:10:04 [INFO ] GameOfLifeController:549 - Application du zoom...
2020-07-30 23:10:07 [INFO ] GameOfLifeController:549 - Application du zoom...
2020-07-30 23:10:10 [INFO ] GameOfLifeController:549 - Application du zoom...
2020-07-30 23:10:14 [INFO ] GameOfLifeController:549 - Application du zoom...
2020-07-30 23:10:23 [INFO ] GameOfLifeController:201 - Fin de la partie
2020-07-30 23:10:28 [INFO ] GameOfLifeController:97 - Initialisation d'une nouvelle partie (200 colonnes/200 lignes)...
2020-07-30 23:10:28 [INFO ] GameOfLifeController:118 - Partie initialisé (641.0ms)
2020-07-30 23:10:32 [INFO ] GameOfLifeController:218 - Propagation ON
2020-07-30 23:10:34 [INFO ] GameOfLifeController:549 - Application du zoom...
2020-07-30 23:10:39 [INFO ] GameOfLifeController:549 - Application du zoom...
2020-07-30 23:10:43 [INFO ] GameOfLifeController:549 - Application du zoom...
2020-07-30 23:10:46 [INFO ] GameOfLifeController:549 - Application du zoom...
2020-07-30 23:10:54 [INFO ] GameOfLifeController:549 - Application du zoom...
2020-07-30 23:11:27 [INFO ] GameOfLifeController:549 - Application du zoom...
2020-07-30 23:11:30 [INFO ] GameOfLifeController:549 - Application du zoom...
2020-07-30 23:14:18 [INFO ] GameOfLifeController:549 - Application du zoom...
2020-07-30 23:15:08 [INFO ] GameOfLifeController:549 - Application du zoom...
2020-07-30 23:15:14 [INFO ] GameOfLifeController:549 - Application du zoom...
2020-07-30 23:15:27 [INFO ] GameOfLifeController:549 - Application du zoom...
2020-07-30 23:15:38 [INFO ] GameOfLifeController:226 - Propagation OFF
2020-07-30 23:15:38 [INFO ] GameOfLifeController:201 - Fin de la partie
2020-07-30 23:15:43 [INFO ] GameOfLifeController:97 - Initialisation d'une nouvelle partie (300 colonnes/300 lignes)...
2020-07-30 23:15:44 [INFO ] GameOfLifeController:118 - Partie initialisé (879.0ms)
2020-07-30 23:15:52 [INFO ] GameOfLifeController:218 - Propagation ON
2020-07-30 23:15:54 [INFO ] GameOfLifeController:549 - Application du zoom...
2020-07-30 23:16:05 [INFO ] GameOfLifeController:549 - Application du zoom...
2020-07-30 23:18:55 [INFO ] Start:35 - Début d'une nouvelle session
2020-07-30 23:19:03 [INFO ] GameOfLifeController:97 - Initialisation d'une nouvelle partie (300 colonnes/300 lignes)...
2020-07-30 23:19:05 [INFO ] GameOfLifeController:118 - Partie initialisé (1840.0ms)
2020-07-30 23:19:11 [INFO ] GameOfLifeController:201 - Fin de la partie
2020-07-30 23:19:16 [INFO ] GameOfLifeController:97 - Initialisation d'une nouvelle partie (400 colonnes/400 lignes)...
2020-07-30 23:19:18 [INFO ] GameOfLifeController:118 - Partie initialisé (2037.0ms)
2020-07-30 23:19:37 [INFO ] GameOfLifeController:218 - Propagation ON
2020-07-30 23:19:44 [INFO ] GameOfLifeController:226 - Propagation OFF
2020-07-30 23:19:56 [INFO ] GameOfLifeController:549 - Application du zoom...
2020-07-30 23:21:17 [INFO ] GameOfLifeController:549 - Application du zoom...
2020-07-30 23:22:07 [INFO ] GameOfLifeController:549 - Application du zoom...
2020-07-30 23:22:52 [INFO ] GameOfLifeController:201 - Fin de la partie
2020-07-30 23:22:54 [INFO ] InitController:40 - Fin de la session
2020-07-30 23:23:08 [INFO ] Start:35 - Début d'une nouvelle session
2020-07-30 23:23:20 [INFO ] GameOfLifeController:97 - Initialisation d'une nouvelle partie (400 colonnes/400 lignes)...
2020-07-30 23:23:24 [INFO ] GameOfLifeController:118 - Partie initialisé (3722.0ms)
2020-07-30 23:23:46 [INFO ] GameOfLifeController:218 - Propagation ON
2020-07-30 23:23:47 [INFO ] GameOfLifeController:226 - Propagation OFF
2020-07-30 23:24:01 [INFO ] GameOfLifeController:566 - Application du zoom...
2020-07-30 23:24:01 [INFO ] GameOfLifeController:626 - Zoom appliqué par pool-2-thread-1 en 1.0ms
2020-07-30 23:25:14 [INFO ] GameOfLifeController:566 - Application du zoom...
2020-07-30 23:25:14 [INFO ] GameOfLifeController:626 - Zoom appliqué par pool-2-thread-1 en 0.0ms
2020-07-30 23:25:36 [INFO ] GameOfLifeController:566 - Application du zoom...
2020-07-30 23:25:36 [INFO ] GameOfLifeController:626 - Zoom appliqué par pool-2-thread-1 en 0.0ms
2020-07-30 23:26:39 [INFO ] GameOfLifeController:201 - Fin de la partie
2020-07-30 23:28:40 [INFO ] Start:35 - Début d'une nouvelle session
2020-07-30 23:28:54 [INFO ] GameOfLifeController:97 - Initialisation d'une nouvelle partie (400 colonnes/400 lignes)...
2020-07-30 23:28:57 [INFO ] GameOfLifeController:118 - Partie initialisé (2812.0ms)
2020-07-30 23:29:27 [INFO ] GameOfLifeController:218 - Propagation ON
2020-07-30 23:29:27 [INFO ] GameOfLifeController:226 - Propagation OFF
2020-07-30 23:29:37 [INFO ] GameOfLifeController:566 - Application du zoom...
2020-07-30 23:29:37 [INFO ] GameOfLifeController:634 - Zoom appliqué par pool-2-thread-1 en 2.0ms
2020-07-30 23:30:13 [INFO ] GameOfLifeController:566 - Application du zoom...
2020-07-30 23:30:13 [INFO ] GameOfLifeController:634 - Zoom appliqué par pool-2-thread-1 en 1.0ms
2020-07-30 23:31:00 [INFO ] GameOfLifeController:566 - Application du zoom...
2020-07-30 23:31:00 [INFO ] GameOfLifeController:634 - Zoom appliqué par pool-2-thread-1 en 0.0ms
2020-07-30 23:32:01 [INFO ] Start:35 - Début d'une nouvelle session
2020-07-30 23:32:09 [INFO ] InitController:40 - Fin de la session
2020-07-30 23:33:19 [INFO ] Start:35 - Début d'une nouvelle session
2020-07-30 23:33:30 [INFO ] GameOfLifeController:97 - Initialisation d'une nouvelle partie (400 colonnes/400 lignes)...
2020-07-30 23:33:34 [INFO ] GameOfLifeController:118 - Partie initialisé (3854.0ms)
2020-07-30 23:33:56 [INFO ] GameOfLifeController:218 - Propagation ON
2020-07-30 23:33:57 [INFO ] GameOfLifeController:226 - Propagation OFF
2020-07-30 23:34:06 [INFO ] GameOfLifeController:566 - Application du zoom...
2020-07-30 23:34:06 [INFO ] GameOfLifeController:644 - Zoom appliqué par pool-2-thread-1 en 35.0ms
2020-07-30 23:35:55 [INFO ] GameOfLifeController:566 - Application du zoom...
2020-07-30 23:35:55 [INFO ] GameOfLifeController:644 - Zoom appliqué par pool-2-thread-1 en 12.0ms
2020-07-30 23:36:05 [INFO ] GameOfLifeController:201 - Fin de la partie
2020-07-30 23:36:09 [INFO ] GameOfLifeController:97 - Initialisation d'une nouvelle partie (400 colonnes/400 lignes)...
2020-07-30 23:36:12 [INFO ] GameOfLifeController:118 - Partie initialisé (3084.0ms)
2020-07-30 23:36:23 [INFO ] GameOfLifeController:201 - Fin de la partie
2020-07-30 23:36:25 [INFO ] InitController:40 - Fin de la session
2020-07-30 23:36:31 [INFO ] Start:35 - Début d'une nouvelle session
2020-07-30 23:36:38 [INFO ] GameOfLifeController:97 - Initialisation d'une nouvelle partie (400 colonnes/400 lignes)...
2020-07-30 23:36:42 [INFO ] GameOfLifeController:118 - Partie initialisé (3755.0ms)
2020-07-30 23:36:56 [INFO ] GameOfLifeController:218 - Propagation ON
2020-07-30 23:36:57 [INFO ] GameOfLifeController:226 - Propagation OFF
2020-07-30 23:37:01 [INFO ] GameOfLifeController:218 - Propagation ON
2020-07-30 23:37:01 [INFO ] GameOfLifeController:226 - Propagation OFF
2020-07-30 23:37:10 [INFO ] GameOfLifeController:566 - Application du zoom...
2020-07-30 23:37:10 [INFO ] GameOfLifeController:644 - Zoom appliqué par pool-2-thread-1 en 45.0ms
2020-07-30 23:37:37 [INFO ] GameOfLifeController:566 - Application du zoom...
2020-07-30 23:37:37 [INFO ] GameOfLifeController:644 - Zoom appliqué par pool-2-thread-1 en 21.0ms
2020-07-30 23:38:08 [INFO ] GameOfLifeController:566 - Application du zoom...
2020-07-30 23:38:08 [INFO ] GameOfLifeController:644 - Zoom appliqué par pool-2-thread-1 en 20.0ms
2020-07-30 23:38:22 [INFO ] GameOfLifeController:566 - Application du zoom...
2020-07-30 23:38:22 [INFO ] GameOfLifeController:644 - Zoom appliqué par pool-2-thread-1 en 9.0ms
2020-07-30 23:38:39 [INFO ] GameOfLifeController:218 - Propagation ON
2020-07-30 23:38:49 [INFO ] InitController:142 - Règles mises à jour : prend vie [2, 3], reste en vie [3, 4]
2020-07-30 23:39:08 [INFO ] GameOfLifeController:226 - Propagation OFF
2020-07-30 23:39:14 [INFO ] GameOfLifeController:218 - Propagation ON
2020-07-30 23:40:34 [INFO ] GameOfLifeController:226 - Propagation OFF
2020-07-30 23:45:22 [INFO ] Start:35 - Début d'une nouvelle session
2020-07-30 23:45:24 [INFO ] GameOfLifeController:97 - Initialisation d'une nouvelle partie (200 colonnes/200 lignes)...
2020-07-30 23:45:25 [INFO ] GameOfLifeController:118 - Partie initialisé (1104.0ms)
2020-07-30 23:47:21 [INFO ] Start:35 - Début d'une nouvelle session
2020-07-30 23:47:28 [INFO ] GameOfLifeController:97 - Initialisation d'une nouvelle partie (200 colonnes/200 lignes)...
2020-07-30 23:47:29 [INFO ] GameOfLifeController:118 - Partie initialisé (859.0ms)
2020-07-31 00:46:19 [INFO ] Start:35 - Début d'une nouvelle session
2020-07-31 00:46:26 [INFO ] GameOfLifeController:95 - Initialisation d'une nouvelle partie (400 colonnes/400 lignes)...
2020-07-31 00:46:31 [INFO ] GameOfLifeController:116 - Partie initialisé (5286.0ms)
2020-07-31 00:46:50 [INFO ] GameOfLifeController:216 - Propagation ON
2020-07-31 00:46:50 [INFO ] GameOfLifeController:224 - Propagation OFF
2020-07-31 00:47:04 [INFO ] GameOfLifeController:546 - Application du zoom...
2020-07-31 00:47:04 [INFO ] GameOfLifeController:601 - Zoom appliqué par JavaFX Application Thread en 139.0ms
2020-07-31 00:47:48 [INFO ] Start:35 - Début d'une nouvelle session
2020-07-31 00:47:52 [INFO ] GameOfLifeController:95 - Initialisation d'une nouvelle partie (400 colonnes/400 lignes)...
2020-07-31 00:47:57 [INFO ] GameOfLifeController:116 - Partie initialisé (4354.0ms)
2020-07-31 00:48:19 [INFO ] GameOfLifeController:216 - Propagation ON
2020-07-31 00:48:21 [INFO ] GameOfLifeController:224 - Propagation OFF
2020-07-31 00:48:23 [INFO ] GameOfLifeController:216 - Propagation ON
2020-07-31 00:48:25 [INFO ] GameOfLifeController:224 - Propagation OFF
2020-07-31 00:48:37 [INFO ] GameOfLifeController:216 - Propagation ON
2020-07-31 00:48:41 [INFO ] GameOfLifeController:224 - Propagation OFF
2020-07-31 00:48:52 [INFO ] GameOfLifeController:546 - Application du zoom...
2020-07-31 00:48:52 [INFO ] GameOfLifeController:602 - Zoom appliqué par pool-2-thread-1 en 1.0ms
2020-07-31 00:49:08 [INFO ] GameOfLifeController:199 - Fin de la partie
2020-07-31 00:49:10 [INFO ] InitController:40 - Fin de la session
2020-07-31 14:13:46 [INFO ] Start:35 - Début d'une nouvelle session
2020-07-31 14:13:52 [INFO ] GameOfLifeController:94 - Initialisation d'une nouvelle partie (200 colonnes/200 lignes)...
2020-07-31 14:13:54 [INFO ] GameOfLifeController:114 - Partie initialisé (1618.0ms)
2020-07-31 14:14:11 [INFO ] GameOfLifeController:213 - Propagation ON
2020-07-31 14:14:11 [INFO ] GameOfLifeController:221 - Propagation OFF
2020-07-31 14:14:15 [INFO ] GameOfLifeController:543 - Application du zoom...
2020-07-31 14:14:15 [INFO ] GameOfLifeController:557 - Zoom appliqué par JavaFX Application Thread en 50.0ms
2020-07-31 14:14:19 [INFO ] GameOfLifeController:197 - Fin de la partie
2020-07-31 14:15:00 [INFO ] GameOfLifeController:94 - Initialisation d'une nouvelle partie (400 colonnes/400 lignes)...
2020-07-31 14:15:03 [INFO ] GameOfLifeController:114 - Partie initialisé (3268.0ms)
2020-07-31 14:15:55 [INFO ] GameOfLifeController:213 - Propagation ON
2020-07-31 14:15:58 [INFO ] GameOfLifeController:221 - Propagation OFF
2020-07-31 14:16:09 [INFO ] GameOfLifeController:543 - Application du zoom...
2020-07-31 14:16:09 [INFO ] GameOfLifeController:557 - Zoom appliqué par JavaFX Application Thread en 107.0ms
2020-07-31 14:19:14 [INFO ] Start:35 - Début d'une nouvelle session
2020-07-31 14:19:25 [INFO ] GameOfLifeController:95 - Initialisation d'une nouvelle partie (400 colonnes/400 lignes)...
2020-07-31 14:19:29 [INFO ] GameOfLifeController:116 - Partie initialisé (3410.0ms)
2020-07-31 14:19:46 [INFO ] GameOfLifeController:216 - Propagation ON
2020-07-31 14:19:48 [INFO ] GameOfLifeController:224 - Propagation OFF
2020-07-31 14:19:57 [INFO ] GameOfLifeController:546 - Application du zoom...
2020-07-31 14:19:57 [INFO ] GameOfLifeController:600 - Zoom appliqué par JavaFX Application Thread en 87.0ms
2020-07-31 14:19:57 [INFO ] GameOfLifeController:600 - Zoom appliqué par JavaFX Application Thread en 56.0ms
2020-07-31 14:45:13 [INFO ] Start:35 - Début d'une nouvelle session
2020-07-31 14:45:15 [INFO ] GameOfLifeController:96 - Initialisation d'une nouvelle partie (200 colonnes/200 lignes)...
2020-07-31 14:45:16 [INFO ] GameOfLifeController:117 - Partie initialisé (1084.0ms)
2020-07-31 14:45:20 [INFO ] GameOfLifeController:200 - Fin de la partie
2020-07-31 14:45:25 [INFO ] GameOfLifeController:96 - Initialisation d'une nouvelle partie (400 colonnes/400 lignes)...
2020-07-31 14:45:28 [INFO ] GameOfLifeController:117 - Partie initialisé (2785.0ms)
2020-07-31 14:45:58 [INFO ] GameOfLifeController:217 - Propagation ON
2020-07-31 14:45:58 [INFO ] GameOfLifeController:225 - Propagation OFF
2020-07-31 14:46:06 [INFO ] GameOfLifeController:547 - Application du zoom...
2020-07-31 14:46:06 [INFO ] GameOfLifeController:600 - Zoom appliqué par pool-3-thread-2 en 346.0ms
2020-07-31 14:46:06 [INFO ] GameOfLifeController:600 - Zoom appliqué par pool-3-thread-1 en 391.0ms
2020-07-31 14:48:37 [INFO ] Start:35 - Début d'une nouvelle session
2020-07-31 14:48:44 [INFO ] GameOfLifeController:96 - Initialisation d'une nouvelle partie (400 colonnes/400 lignes)...
2020-07-31 14:48:48 [INFO ] GameOfLifeController:117 - Partie initialisé (4280.0ms)
2020-07-31 14:49:28 [INFO ] GameOfLifeController:217 - Propagation ON
2020-07-31 14:49:30 [INFO ] GameOfLifeController:225 - Propagation OFF
2020-07-31 14:49:30 [INFO ] GameOfLifeController:217 - Propagation ON
2020-07-31 14:49:30 [INFO ] GameOfLifeController:225 - Propagation OFF
2020-07-31 14:49:37 [INFO ] GameOfLifeController:547 - Application du zoom...
2020-07-31 14:49:38 [INFO ] GameOfLifeController:600 - Zoom appliqué par pool-2-thread-2 en 339.0ms
2020-07-31 14:49:38 [INFO ] GameOfLifeController:600 - Zoom appliqué par pool-2-thread-1 en 357.0ms
2020-07-31 15:32:18 [INFO ] Start:35 - Début d'une nouvelle session
2020-07-31 15:32:26 [INFO ] GameOfLifeController:96 - Initialisation d'une nouvelle partie (400 colonnes/400 lignes)...
2020-07-31 15:32:30 [INFO ] GameOfLifeController:117 - Partie initialisé (4574.0ms)
2020-07-31 15:33:12 [INFO ] GameOfLifeController:217 - Propagation ON
2020-07-31 15:33:13 [INFO ] GameOfLifeController:225 - Propagation OFF
2020-07-31 15:33:18 [INFO ] GameOfLifeController:547 - Application du zoom...
2020-07-31 15:33:18 [INFO ] GameOfLifeController:603 - Zoom appliqué par pool-2-thread-1 en 380.0ms
2020-07-31 15:33:18 [INFO ] GameOfLifeController:603 - Zoom appliqué par pool-2-thread-2 en 392.0ms
2020-07-31 15:37:38 [INFO ] Start:35 - Début d'une nouvelle session
2020-07-31 15:37:40 [INFO ] GameOfLifeController:96 - Initialisation d'une nouvelle partie (200 colonnes/200 lignes)...
2020-07-31 15:37:41 [INFO ] GameOfLifeController:117 - Partie initialisé (1008.0ms)
2020-07-31 15:37:47 [INFO ] GameOfLifeController:217 - Propagation ON
2020-07-31 15:37:48 [INFO ] GameOfLifeController:225 - Propagation OFF
2020-07-31 15:37:49 [INFO ] GameOfLifeController:200 - Fin de la partie
2020-07-31 15:38:01 [INFO ] GameOfLifeController:96 - Initialisation d'une nouvelle partie (400 colonnes/400 lignes)...
2020-07-31 15:38:05 [INFO ] GameOfLifeController:117 - Partie initialisé (4197.0ms)
2020-07-31 15:38:42 [INFO ] GameOfLifeController:217 - Propagation ON
2020-07-31 15:38:43 [INFO ] GameOfLifeController:225 - Propagation OFF
2020-07-31 15:39:00 [INFO ] GameOfLifeController:547 - Application du zoom...
2020-07-31 15:39:45 [INFO ] Start:35 - Début d'une nouvelle session
2020-07-31 15:39:53 [INFO ] GameOfLifeController:96 - Initialisation d'une nouvelle partie (400 colonnes/400 lignes)...
2020-07-31 15:39:58 [INFO ] GameOfLifeController:117 - Partie initialisé (4362.0ms)
2020-07-31 15:40:42 [INFO ] GameOfLifeController:217 - Propagation ON
2020-07-31 15:40:46 [INFO ] GameOfLifeController:225 - Propagation OFF
2020-07-31 15:40:54 [INFO ] GameOfLifeController:547 - Application du zoom...
2020-07-31 15:42:16 [INFO ] Start:35 - Début d'une nouvelle session
2020-07-31 15:42:24 [INFO ] GameOfLifeController:96 - Initialisation d'une nouvelle partie (400 colonnes/400 lignes)...
2020-07-31 15:42:30 [INFO ] GameOfLifeController:117 - Partie initialisé (5822.0ms)
2020-07-31 15:43:15 [INFO ] GameOfLifeController:217 - Propagation ON
2020-07-31 15:43:17 [INFO ] GameOfLifeController:225 - Propagation OFF
2020-07-31 16:08:11 [INFO ] GameOfLifeController:547 - Application du zoom...
2020-07-31 16:08:11 [INFO ] GameOfLifeController:608 - Zoom appliqué par JavaFX Application Thread en 162.0ms
2020-08-06 03:10:31 [INFO ] GameOfLifeController:217 - Propagation ON
2020-08-06 03:10:31 [INFO ] GameOfLifeController:225 - Propagation OFF
2020-08-06 03:10:32 [INFO ] GameOfLifeController:217 - Propagation ON
2020-08-06 03:10:36 [INFO ] GameOfLifeController:225 - Propagation OFF
2020-08-06 03:10:36 [INFO ] GameOfLifeController:200 - Fin de la partie
2020-08-06 03:10:38 [INFO ] InitController:38 - Fin de la session
2020-08-09 06:52:56 [INFO ] Start:35 - Début d'une nouvelle session
2020-08-09 06:52:57 [INFO ] GameOfLifeController:96 - Initialisation d'une nouvelle partie (200 colonnes/200 lignes)...
2020-08-09 06:52:58 [INFO ] GameOfLifeController:117 - Partie initialisé (1016.0ms)
2020-08-09 06:53:05 [INFO ] GameOfLifeController:216 - Propagation ON
2020-08-09 06:53:08 [INFO ] GameOfLifeController:224 - Propagation OFF
2020-08-09 06:53:08 [INFO ] GameOfLifeController:216 - Propagation ON
2020-08-09 06:53:09 [INFO ] GameOfLifeController:224 - Propagation OFF
2020-08-09 06:53:09 [INFO ] GameOfLifeController:216 - Propagation ON
2020-08-09 06:53:09 [INFO ] GameOfLifeController:224 - Propagation OFF
2020-08-09 06:53:10 [INFO ] GameOfLifeController:216 - Propagation ON
2020-08-09 06:53:36 [INFO ] GameOfLifeController:224 - Propagation OFF
2020-08-09 06:53:51 [INFO ] GameOfLifeController:216 - Propagation ON
2020-08-09 06:53:56 [INFO ] GameOfLifeController:546 - Application du zoom...
2020-08-09 06:53:56 [INFO ] GameOfLifeController:594 - Zoom appliqué par JavaFX Application Thread en 62.0ms
2020-08-09 06:54:02 [INFO ] GameOfLifeController:546 - Application du zoom...
2020-08-09 06:54:02 [INFO ] GameOfLifeController:594 - Zoom appliqué par JavaFX Application Thread en 31.0ms
2020-08-09 06:54:07 [INFO ] GameOfLifeController:546 - Application du zoom...
2020-08-09 06:54:07 [INFO ] GameOfLifeController:594 - Zoom appliqué par JavaFX Application Thread en 23.0ms
2020-08-09 06:54:18 [INFO ] GameOfLifeController:224 - Propagation OFF
2020-08-09 06:54:18 [INFO ] GameOfLifeController:200 - Fin de la partie
2020-08-09 06:54:18 [INFO ] GameOfLifeController:475 - Fin de la session
2020-08-09 21:42:01 [INFO ] Start:35 - Début d'une nouvelle session
2020-08-09 21:42:06 [INFO ] GameOfLifeController:96 - Initialisation d'une nouvelle partie (200 colonnes/200 lignes)...
2020-08-09 21:42:06 [INFO ] GameOfLifeController:99 - info
2020-08-09 21:42:06 [WARN ] GameOfLifeController:101 - warning
2020-08-09 21:42:06 [ERROR] GameOfLifeController:102 - error
2020-08-09 21:42:06 [FATAL] GameOfLifeController:103 - fatal
2020-08-09 21:42:08 [INFO ] GameOfLifeController:122 - Partie initialisé (1094.0ms)
2020-08-12 07:47:35 [INFO ] Start:35 - Début d'une nouvelle session
2020-08-12 07:47:47 [ERROR] InitController:86 - 
2020-08-12 07:48:17 [INFO ] InitController:38 - Fin de la session
2020-08-12 07:48:32 [INFO ] Start:35 - Début d'une nouvelle session
2020-08-12 07:48:34 [ERROR] InitController:86 - 
2020-08-12 07:48:39 [INFO ] InitController:38 - Fin de la session
2020-08-12 07:48:58 [INFO ] Start:35 - Début d'une nouvelle session
2020-08-12 07:49:00 [INFO ] GameOfLifeController:104 - Initialisation d'une nouvelle partie (200 colonnes/200 lignes)...
2020-08-12 07:49:00 [INFO ] GameOfLifeController:107 - info
2020-08-12 07:49:00 [WARN ] GameOfLifeController:109 - warning
2020-08-12 07:49:00 [ERROR] GameOfLifeController:110 - error
2020-08-12 07:49:00 [FATAL] GameOfLifeController:111 - fatal
2020-08-12 07:49:01 [INFO ] GameOfLifeController:130 - Partie initialisé (1063.0ms)
2020-08-12 07:49:08 [INFO ] GameOfLifeController:213 - Fin de la partie
2020-08-12 07:50:40 [INFO ] GameOfLifeController:104 - Initialisation d'une nouvelle partie (200 colonnes/200 lignes)...
2020-08-12 07:50:40 [INFO ] GameOfLifeController:107 - info
2020-08-12 07:50:40 [WARN ] GameOfLifeController:109 - warning
2020-08-12 07:50:40 [ERROR] GameOfLifeController:110 - error
2020-08-12 07:50:40 [FATAL] GameOfLifeController:111 - fatal
2020-08-12 07:50:41 [INFO ] GameOfLifeController:130 - Partie initialisé (579.0ms)
2020-08-12 07:50:46 [INFO ] GameOfLifeController:213 - Fin de la partie
2020-08-12 07:50:48 [INFO ] InitController:38 - Fin de la session
2020-08-12 07:51:01 [INFO ] Start:35 - Début d'une nouvelle session
2020-08-12 07:51:03 [INFO ] InitController:38 - Fin de la session
2020-08-12 07:51:12 [INFO ] Start:35 - Début d'une nouvelle session
2020-08-12 07:51:13 [INFO ] GameOfLifeController:106 - Initialisation d'une nouvelle partie (200 colonnes/200 lignes)...
2020-08-12 07:51:14 [INFO ] GameOfLifeController:127 - Partie initialisé (1045.0ms)
2020-08-12 07:51:19 [INFO ] GameOfLifeController:210 - Fin de la partie
2020-08-12 07:51:21 [INFO ] InitController:38 - Fin de la session
2020-08-12 07:51:33 [INFO ] Start:35 - Début d'une nouvelle session
2020-08-12 07:51:35 [INFO ] GameOfLifeController:106 - Initialisation d'une nouvelle partie (200 colonnes/200 lignes)...
2020-08-12 07:51:36 [INFO ] GameOfLifeController:127 - Partie initialisé (1033.0ms)
2020-08-12 07:51:39 [INFO ] GameOfLifeController:210 - Fin de la partie
2020-08-12 07:51:41 [INFO ] InitController:38 - Fin de la session
2020-08-12 07:54:08 [INFO ] Start:35 - Début d'une nouvelle session
2020-08-12 07:54:09 [INFO ] GameOfLifeController:98 - Initialisation d'une nouvelle partie (200 colonnes/200 lignes)...
2020-08-12 07:54:10 [INFO ] GameOfLifeController:120 - Partie initialisé (924.0ms)
2020-08-12 07:54:51 [INFO ] GameOfLifeController:203 - Fin de la partie
2020-08-12 07:54:54 [INFO ] InitController:38 - Fin de la session
2020-08-12 07:55:06 [INFO ] Start:35 - Début d'une nouvelle session
2020-08-12 07:55:08 [INFO ] GameOfLifeController:98 - Initialisation d'une nouvelle partie (200 colonnes/200 lignes)...
2020-08-12 07:55:09 [INFO ] GameOfLifeController:120 - Partie initialisé (1095.0ms)
2020-08-12 07:55:12 [INFO ] GameOfLifeController:219 - Propagation ON
2020-08-12 07:55:15 [INFO ] GameOfLifeController:227 - Propagation OFF
2020-08-12 07:55:15 [INFO ] GameOfLifeController:219 - Propagation ON
2020-08-12 07:55:16 [INFO ] GameOfLifeController:227 - Propagation OFF
2020-08-12 07:55:16 [INFO ] GameOfLifeController:219 - Propagation ON
2020-08-12 07:55:17 [INFO ] GameOfLifeController:227 - Propagation OFF
2020-08-12 07:55:17 [INFO ] GameOfLifeController:219 - Propagation ON
2020-08-12 07:55:18 [INFO ] GameOfLifeController:227 - Propagation OFF
2020-08-12 07:55:20 [INFO ] GameOfLifeController:219 - Propagation ON
2020-08-12 07:55:23 [INFO ] GameOfLifeController:227 - Propagation OFF
2020-08-12 07:55:26 [INFO ] GameOfLifeController:203 - Fin de la partie
2020-08-12 07:55:28 [INFO ] InitController:38 - Fin de la session
2020-08-12 07:55:43 [INFO ] Start:35 - Début d'une nouvelle session
2020-08-12 07:56:15 [INFO ] GameOfLifeController:98 - Initialisation d'une nouvelle partie (200 colonnes/200 lignes)...
2020-08-12 07:56:15 [INFO ] GameOfLifeController:120 - Partie initialisé (923.0ms)
2020-08-12 07:56:33 [INFO ] GameOfLifeController:203 - Fin de la partie
2020-08-12 07:56:35 [INFO ] InitController:38 - Fin de la session
2020-08-12 07:57:07 [INFO ] Start:35 - Début d'une nouvelle session
2020-08-12 07:58:02 [INFO ] GameOfLifeController:98 - Initialisation d'une nouvelle partie (200 colonnes/200 lignes)...
2020-08-12 07:58:03 [INFO ] GameOfLifeController:121 - Partie initialisé (748.0ms)
2020-08-12 07:59:11 [INFO ] GameOfLifeController:204 - Fin de la partie
2020-08-12 07:59:13 [INFO ] InitController:38 - Fin de la session
2020-08-12 07:59:50 [INFO ] Start:35 - Début d'une nouvelle session
2020-08-12 07:59:52 [INFO ] GameOfLifeController:98 - Initialisation d'une nouvelle partie (200 colonnes/200 lignes)...
2020-08-12 07:59:53 [INFO ] GameOfLifeController:121 - Partie initialisé (1119.0ms)
2020-08-12 08:11:46 [INFO ] Start:35 - Début d'une nouvelle session
2020-08-12 08:11:49 [INFO ] GameOfLifeController:98 - Initialisation d'une nouvelle partie (200 colonnes/200 lignes)...
2020-08-12 08:11:50 [INFO ] GameOfLifeController:121 - Partie initialisé (944.0ms)
2020-08-12 08:11:57 [INFO ] GameOfLifeController:204 - Fin de la partie
2020-08-12 22:26:18 [INFO ] Start:35 - Début d'une nouvelle session
2020-08-12 22:26:24 [INFO ] GameOfLifeController:94 - Initialisation d'une nouvelle partie (200 colonnes/200 lignes)...
2020-08-12 22:26:25 [ERROR] InitController:86 - fr.rom.gameoflife.objects.cells.EllipseCell cannot be cast to fr.rom.gameoflife.objects.ICell
2020-08-12 22:27:19 [INFO ] Start:35 - Début d'une nouvelle session
2020-08-12 22:27:22 [INFO ] GameOfLifeController:94 - Initialisation d'une nouvelle partie (200 colonnes/200 lignes)...
2020-08-12 22:27:23 [ERROR] InitController:87 - fr.rom.gameoflife.objects.cells.EllipseCell cannot be cast to fr.rom.gameoflife.objects.ICell
2020-08-12 22:33:01 [INFO ] Start:35 - Début d'une nouvelle session
2020-08-12 22:33:22 [INFO ] GameOfLifeController:94 - Initialisation d'une nouvelle partie (200 colonnes/200 lignes)...
2020-08-12 22:33:23 [INFO ] GameOfLifeController:115 - Partie initialisé (710.0ms)
2020-08-12 22:33:44 [INFO ] GameOfLifeController:214 - Propagation ON
2020-08-12 22:33:45 [INFO ] GameOfLifeController:222 - Propagation OFF
2020-08-12 22:33:47 [INFO ] GameOfLifeController:214 - Propagation ON
2020-08-12 22:33:47 [INFO ] GameOfLifeController:222 - Propagation OFF
2020-08-12 22:33:50 [INFO ] GameOfLifeController:198 - Fin de la partie
2020-08-12 22:33:57 [INFO ] InitController:38 - Fin de la session
2020-08-12 22:44:48 [INFO ] Start:35 - Début d'une nouvelle session
2020-08-12 22:44:52 [INFO ] GameOfLifeController:91 - Initialisation d'une nouvelle partie (200 colonnes/200 lignes)...
2020-08-12 22:44:53 [INFO ] GameOfLifeController:112 - Partie initialisé (1042.0ms)
2020-08-12 22:45:02 [INFO ] GameOfLifeController:544 - Application du zoom...
2020-08-12 22:45:02 [INFO ] GameOfLifeController:592 - Zoom appliqué par JavaFX Application Thread en 103.0ms
2020-08-12 22:45:18 [INFO ] GameOfLifeController:544 - Application du zoom...
2020-08-12 22:45:18 [INFO ] GameOfLifeController:592 - Zoom appliqué par JavaFX Application Thread en 23.0ms
2020-08-12 22:45:19 [INFO ] GameOfLifeController:544 - Application du zoom...
2020-08-12 22:45:19 [INFO ] GameOfLifeController:592 - Zoom appliqué par JavaFX Application Thread en 22.0ms
2020-08-12 22:45:20 [INFO ] GameOfLifeController:544 - Application du zoom...
2020-08-12 22:45:20 [INFO ] GameOfLifeController:592 - Zoom appliqué par JavaFX Application Thread en 23.0ms
2020-08-12 22:45:21 [INFO ] GameOfLifeController:544 - Application du zoom...
2020-08-12 22:45:21 [INFO ] GameOfLifeController:592 - Zoom appliqué par JavaFX Application Thread en 19.0ms
2020-08-12 22:45:22 [INFO ] GameOfLifeController:544 - Application du zoom...
2020-08-12 22:45:22 [INFO ] GameOfLifeController:592 - Zoom appliqué par JavaFX Application Thread en 20.0ms
2020-08-12 22:45:23 [INFO ] GameOfLifeController:544 - Application du zoom...
2020-08-12 22:45:23 [INFO ] GameOfLifeController:592 - Zoom appliqué par JavaFX Application Thread en 18.0ms
2020-08-12 22:45:24 [INFO ] GameOfLifeController:544 - Application du zoom...
2020-08-12 22:45:24 [INFO ] GameOfLifeController:592 - Zoom appliqué par JavaFX Application Thread en 20.0ms
2020-08-12 22:45:25 [INFO ] GameOfLifeController:544 - Application du zoom...
2020-08-12 22:45:25 [INFO ] GameOfLifeController:592 - Zoom appliqué par JavaFX Application Thread en 20.0ms
2020-08-12 22:45:26 [INFO ] GameOfLifeController:544 - Application du zoom...
2020-08-12 22:45:26 [INFO ] GameOfLifeController:592 - Zoom appliqué par JavaFX Application Thread en 19.0ms
2020-08-12 22:45:28 [INFO ] GameOfLifeController:544 - Application du zoom...
2020-08-12 22:45:28 [INFO ] GameOfLifeController:592 - Zoom appliqué par JavaFX Application Thread en 22.0ms
2020-08-12 22:45:29 [INFO ] GameOfLifeController:544 - Application du zoom...
2020-08-12 22:45:29 [INFO ] GameOfLifeController:592 - Zoom appliqué par JavaFX Application Thread en 20.0ms
2020-08-12 22:45:31 [INFO ] GameOfLifeController:544 - Application du zoom...
2020-08-12 22:45:31 [INFO ] GameOfLifeController:592 - Zoom appliqué par JavaFX Application Thread en 17.0ms
2020-08-12 22:45:32 [INFO ] GameOfLifeController:544 - Application du zoom...
2020-08-12 22:45:32 [INFO ] GameOfLifeController:592 - Zoom appliqué par JavaFX Application Thread en 23.0ms
2020-08-12 22:45:34 [INFO ] GameOfLifeController:544 - Application du zoom...
2020-08-12 22:45:34 [INFO ] GameOfLifeController:592 - Zoom appliqué par JavaFX Application Thread en 20.0ms
2020-08-12 22:45:37 [INFO ] GameOfLifeController:195 - Fin de la partie
2020-08-12 22:45:40 [INFO ] InitController:38 - Fin de la session
2020-08-12 22:48:08 [INFO ] Start:35 - Début d'une nouvelle session
2020-08-12 22:48:10 [INFO ] GameOfLifeController:91 - Initialisation d'une nouvelle partie (200 colonnes/200 lignes)...
2020-08-12 22:48:11 [INFO ] GameOfLifeController:112 - Partie initialisé (971.0ms)
2020-08-12 22:48:17 [INFO ] GameOfLifeController:211 - Propagation ON
2020-08-12 22:48:17 [INFO ] GameOfLifeController:219 - Propagation OFF
2020-08-12 22:48:18 [INFO ] GameOfLifeController:211 - Propagation ON
2020-08-12 22:48:18 [INFO ] GameOfLifeController:219 - Propagation OFF
2020-08-12 22:48:21 [INFO ] GameOfLifeController:544 - Application du zoom...
2020-08-12 22:48:21 [INFO ] GameOfLifeController:592 - Zoom appliqué par JavaFX Application Thread en 36.0ms
2020-08-12 22:48:45 [INFO ] GameOfLifeController:544 - Application du zoom...
2020-08-12 22:48:45 [INFO ] GameOfLifeController:592 - Zoom appliqué par JavaFX Application Thread en 28.0ms
2020-08-12 22:48:47 [INFO ] GameOfLifeController:544 - Application du zoom...
2020-08-12 22:48:47 [INFO ] GameOfLifeController:592 - Zoom appliqué par JavaFX Application Thread en 20.0ms
2020-08-12 22:48:51 [INFO ] GameOfLifeController:195 - Fin de la partie
2020-08-12 22:48:53 [INFO ] InitController:38 - Fin de la session
2020-08-12 22:50:21 [INFO ] Start:35 - Début d'une nouvelle session
2020-08-12 22:50:26 [INFO ] GameOfLifeController:91 - Initialisation d'une nouvelle partie (200 colonnes/200 lignes)...
2020-08-12 22:50:27 [INFO ] GameOfLifeController:112 - Partie initialisé (1789.0ms)
2020-08-12 22:51:39 [INFO ] GameOfLifeController:195 - Fin de la partie
2020-08-12 22:51:44 [INFO ] InitController:38 - Fin de la session
2020-08-12 22:52:13 [INFO ] Start:35 - Début d'une nouvelle session
2020-08-12 22:52:29 [INFO ] GameOfLifeController:91 - Initialisation d'une nouvelle partie (200 colonnes/200 lignes)...
2020-08-12 22:52:31 [ERROR] InitController:87 - javafx.scene.Group cannot be cast to fr.rom.gameoflife.objects.cells.AbstractCell
2020-08-12 22:54:15 [INFO ] Start:35 - Début d'une nouvelle session
2020-08-12 22:54:17 [INFO ] GameOfLifeController:91 - Initialisation d'une nouvelle partie (200 colonnes/200 lignes)...
2020-08-12 22:54:19 [ERROR] InitController:87 - javafx.scene.Group cannot be cast to fr.rom.gameoflife.objects.cells.AbstractCell
2020-08-12 22:57:45 [INFO ] Start:35 - Début d'une nouvelle session
2020-08-12 22:57:46 [INFO ] GameOfLifeController:91 - Initialisation d'une nouvelle partie (200 colonnes/200 lignes)...
2020-08-12 22:57:48 [INFO ] GameOfLifeController:112 - Partie initialisé (2137.0ms)
2020-08-12 22:57:58 [INFO ] GameOfLifeController:211 - Propagation ON
2020-08-12 22:58:25 [INFO ] GameOfLifeController:219 - Propagation OFF
2020-08-12 22:58:27 [INFO ] GameOfLifeController:544 - Application du zoom...
2020-08-12 22:58:27 [INFO ] GameOfLifeController:592 - Zoom appliqué par JavaFX Application Thread en 43.0ms
2020-08-12 22:58:29 [INFO ] GameOfLifeController:211 - Propagation ON
2020-08-12 22:58:30 [INFO ] GameOfLifeController:219 - Propagation OFF
2020-08-12 22:58:32 [INFO ] GameOfLifeController:544 - Application du zoom...
2020-08-12 22:58:32 [INFO ] GameOfLifeController:592 - Zoom appliqué par JavaFX Application Thread en 30.0ms
2020-08-12 22:58:34 [INFO ] GameOfLifeController:211 - Propagation ON
2020-08-12 22:58:49 [INFO ] GameOfLifeController:219 - Propagation OFF
2020-08-12 22:58:52 [INFO ] GameOfLifeController:211 - Propagation ON
2020-08-12 22:58:52 [INFO ] GameOfLifeController:219 - Propagation OFF
2020-08-12 23:17:41 [INFO ] Start:35 - Début d'une nouvelle session
2020-08-12 23:17:46 [INFO ] GameOfLifeController:90 - Initialisation d'une nouvelle partie (200 colonnes/200 lignes)...
2020-08-12 23:17:48 [INFO ] GameOfLifeController:111 - Partie initialisé (1615.0ms)
2020-08-12 23:17:54 [INFO ] GameOfLifeController:210 - Propagation ON
2020-08-12 23:17:55 [INFO ] GameOfLifeController:218 - Propagation OFF
2020-08-12 23:17:58 [INFO ] GameOfLifeController:210 - Propagation ON
2020-08-12 23:18:01 [INFO ] GameOfLifeController:218 - Propagation OFF
2020-08-12 23:18:01 [INFO ] GameOfLifeController:194 - Fin de la partie
2020-08-12 23:19:17 [INFO ] Start:35 - Début d'une nouvelle session
2020-08-12 23:20:05 [INFO ] Start:35 - Début d'une nouvelle session
2020-08-12 23:20:08 [INFO ] GameOfLifeController:90 - Initialisation d'une nouvelle partie (200 colonnes/200 lignes)...
2020-08-12 23:20:09 [INFO ] GameOfLifeController:111 - Partie initialisé (1579.0ms)
2020-08-12 23:20:18 [INFO ] GameOfLifeController:210 - Propagation ON
2020-08-12 23:20:38 [INFO ] GameOfLifeController:218 - Propagation OFF
2020-08-12 23:20:59 [INFO ] GameOfLifeController:194 - Fin de la partie
2020-08-12 23:21:05 [INFO ] GameOfLifeController:90 - Initialisation d'une nouvelle partie (200 colonnes/200 lignes)...
2020-08-12 23:21:07 [INFO ] GameOfLifeController:111 - Partie initialisé (2855.0ms)
2020-08-12 23:21:13 [INFO ] GameOfLifeController:210 - Propagation ON
2020-08-12 23:21:17 [INFO ] GameOfLifeController:218 - Propagation OFF
2020-08-12 23:21:17 [INFO ] GameOfLifeController:194 - Fin de la partie
2020-08-12 23:21:24 [INFO ] GameOfLifeController:90 - Initialisation d'une nouvelle partie (200 colonnes/200 lignes)...
2020-08-12 23:21:25 [INFO ] GameOfLifeController:111 - Partie initialisé (1044.0ms)
2020-08-12 23:21:31 [INFO ] GameOfLifeController:194 - Fin de la partie
2020-08-12 23:21:37 [INFO ] GameOfLifeController:90 - Initialisation d'une nouvelle partie (200 colonnes/200 lignes)...
2020-08-12 23:21:39 [INFO ] GameOfLifeController:111 - Partie initialisé (1440.0ms)
2020-08-12 23:21:45 [INFO ] GameOfLifeController:210 - Propagation ON
2020-08-12 23:21:51 [INFO ] GameOfLifeController:218 - Propagation OFF
2020-08-12 23:21:52 [INFO ] GameOfLifeController:194 - Fin de la partie
2020-08-12 23:21:56 [INFO ] InitController:38 - Fin de la session
2020-08-12 23:43:37 [INFO ] Start:35 - Début d'une nouvelle session
2020-08-12 23:43:45 [INFO ] GameOfLifeController:90 - Initialisation d'une nouvelle partie (200 colonnes/200 lignes)...
2020-08-12 23:43:47 [INFO ] GameOfLifeController:111 - Partie initialisé (1703.0ms)
2020-08-12 23:43:54 [INFO ] GameOfLifeController:210 - Propagation ON
2020-08-12 23:43:56 [INFO ] GameOfLifeController:218 - Propagation OFF
2020-08-12 23:43:56 [INFO ] GameOfLifeController:194 - Fin de la partie
2020-08-12 23:44:18 [INFO ] GameOfLifeController:90 - Initialisation d'une nouvelle partie (200 colonnes/200 lignes)...
2020-08-12 23:44:20 [INFO ] GameOfLifeController:111 - Partie initialisé (1814.0ms)
2020-08-12 23:44:25 [INFO ] GameOfLifeController:194 - Fin de la partie
2020-08-12 23:44:33 [INFO ] GameOfLifeController:90 - Initialisation d'une nouvelle partie (200 colonnes/200 lignes)...
2020-08-12 23:44:33 [INFO ] GameOfLifeController:111 - Partie initialisé (479.0ms)
2020-08-12 23:44:41 [INFO ] GameOfLifeController:544 - Application du zoom...
2020-08-12 23:44:41 [INFO ] GameOfLifeController:592 - Zoom appliqué par JavaFX Application Thread en 67.0ms
2020-08-12 23:44:43 [INFO ] GameOfLifeController:210 - Propagation ON
2020-08-12 23:44:48 [INFO ] GameOfLifeController:218 - Propagation OFF
2020-08-12 23:44:48 [INFO ] GameOfLifeController:194 - Fin de la partie
2020-08-12 23:44:51 [INFO ] InitController:38 - Fin de la session
2020-08-12 23:49:35 [INFO ] Start:35 - Début d'une nouvelle session
2020-08-12 23:49:49 [INFO ] GameOfLifeController:90 - Initialisation d'une nouvelle partie (200 colonnes/200 lignes)...
2020-08-12 23:49:51 [INFO ] GameOfLifeController:111 - Partie initialisé (2075.0ms)
2020-08-12 23:49:57 [INFO ] GameOfLifeController:551 - Application du zoom...
2020-08-12 23:49:57 [INFO ] GameOfLifeController:599 - Zoom appliqué par JavaFX Application Thread en 60.0ms
2020-08-12 23:50:02 [INFO ] GameOfLifeController:551 - Application du zoom...
2020-08-12 23:50:02 [INFO ] GameOfLifeController:599 - Zoom appliqué par JavaFX Application Thread en 32.0ms
2020-08-12 23:50:05 [INFO ] GameOfLifeController:210 - Propagation ON
2020-08-12 23:50:22 [INFO ] GameOfLifeController:218 - Propagation OFF
2020-08-12 23:50:26 [INFO ] GameOfLifeController:194 - Fin de la partie
2020-08-12 23:50:27 [INFO ] InitController:38 - Fin de la session
